=== discover.py 2026-05-11 06:57 ===

Unresolved new companies (63):
  - Chess.com (chess.com)
  - DigitalOcean (digitalocean.com)
  - GitHub (github.com)
  - LeoLabs (leolabs.space)
  - Modular (modular.com)
  - Tempus AI (tempus.com)
  - That Gaming Company (thatgamingcompany.com)
  - Wikimedia Foundation (wikimedia.org)
  - 11 bit studios (11bitstudios.com)
  - Arkane Studios (arkane-studios.com)
  - Arrowhead Game Studios (arrowheadgamestudios.com)
  - BioWare (bioware.com)
  - Blizzard Entertainment (blizzard.com)
  - Creative Assembly (creative-assembly.com)
  - Crystal Dynamics (crystald.com)
  - DICE (dice.se)
  - Digital Extremes (digitalextremes.com)
  - Double Fine Productions (doublefine.com)
  - Endnight Games (endnightgames.com)
  - Fatshark (fatshark.se)
  - Firaxis Games (firaxis.com)
  - Frost Giant Studios (frostgiant.com)
  - Frontier Developments (frontier.co.uk)
  - Gearbox Software (gearboxsoftware.com)
  - Guerrilla Games (guerrilla-games.com)
  - Gunfire Games (gunfiregames.com)
  - Hazelight Studios (hazelight.se)
  - Housemarque (housemarque.com)
  - IO Interactive (ioi.dk)
  - id Software (idsoftware.com)
  - Infinity Ward (infinityward.com)
  - Insomniac Games (insomniac.com)
  - Iron Galaxy (irongalaxystudios.com)
  - King (king.com)
  - Klei Entertainment (klei.com)
  - Kojima Productions (kojimaproductions.jp)
  - MachineGames (machinegames.com)
  - Media Molecule (mediamolecule.com)
  - Monolith Productions (lith.com)
  - Naughty Dog (naughtydog.com)
  - NetherRealm Studios (netherrealm.com)
  - Ninja Theory (ninjatheory.com)
  - Obsidian Entertainment (obsidian.net)
  - People Can Fly (peoplecanfly.com)
  - Playground Games (playground-games.com)
  - Platinum Games (platinumgames.com)
  - Rare (rare.co.uk)
  - Raven Software (ravensoftware.com)
  - Respawn Entertainment (respawn.com)
  - Rockstar Games (rockstargames.com)
  - Rocksteady Studios (rocksteady.co.uk)
  - Santa Monica Studio (sms.playstation.com)
  - Scopely (scopely.com)
  - Sledgehammer Games (sledgehammergames.com)
  - Sucker Punch Productions (suckerpunch.com)
  - Supercell (supercell.com)
  - Supergiant Games (supergiantgames.com)
  - Techland (techland.pl)
  - The Coalition (thecoalitionstudio.com)
  - Treyarch (treyarch.com)
  - Turtle Rock Studios (turtlerockstudios.com)
  - Valve (valvesoftware.com)
  - Warhorse Studios (warhorsestudios.cz)
